This file contains any messages produced by compilers while
running configure, to aid debugging if configure makes a mistake.

It was created by configure, which was
generated by GNU Autoconf 2.68.  Invocation command line was

  $ ./configure --prefix=/home/jp/.local

## --------- ##
## Platform. ##
## --------- ##

hostname = hobbes
uname -m = x86_64
uname -r = 4.19.0-07715-g345671ea0f9258f410-dirty
uname -s = Linux
uname -v = #10 SMP PREEMPT Fri Oct 26 17:50:22 HST 2018

/usr/bin/uname -p = unknown
/bin/uname -X     = unknown

/bin/arch              = unknown
/usr/bin/arch -k       = unknown
/usr/convex/getsysinfo = unknown
/usr/bin/hostinfo      = unknown
/bin/machine           = unknown
/usr/bin/oslevel       = unknown
/bin/universe          = unknown

PATH: /home/jp/lind_project/lind/repy/sdk/toolchain/linux_x86_glibc/bin
PATH: /home/jp/lind_project/lind/repy/bin
PATH: /home/jp/.local/bin
PATH: /home/jp/bin
PATH: /store/code/projects/linux/scripts
PATH: /home/jp/.gem/ruby/2.5.0/bin
PATH: /home/jp/perl5/bin
PATH: /home/jp/.cargo/bin
PATH: /home/jp/.node_modules/bin
PATH: /opt/cross/bin
PATH: /opt/intel/bin
PATH: /opt/TIS-100
PATH: /opt/cuda/bin
PATH: /opt/android-sdk/platform-tool
PATH: /usr/lib/ccache/bin
PATH: /usr/lib/surfraw
PATH: /usr/lib/jvm/default/bin
PATH: /usr/bin/core_perl
PATH: /usr/bin/site_perl
PATH: /usr/bin/vendor_perl
PATH: /bin
PATH: /sbin
PATH: /usr/local/sbin
PATH: /usr/local/bin
PATH: /usr/sbin
PATH: /usr/bin/opt/plan9/bin


## ----------- ##
## Core tests. ##
## ----------- ##

configure:1885: checking for a BSD-compatible install
configure:1953: result: /bin/install -c
configure:1964: checking whether build environment is sane
configure:2014: result: yes
configure:2042: WARNING: `missing' script is too old or missing
configure:2155: checking for a thread-safe mkdir -p
configure:2194: result: /bin/mkdir -p
configure:2207: checking for gawk
configure:2223: found /bin/gawk
configure:2234: result: gawk
configure:2245: checking whether make sets $(MAKE)
configure:2267: result: yes
configure:2398: checking for gcc
configure:2414: found /bin/gcc
configure:2425: result: gcc
configure:2654: checking for C compiler version
configure:2663: gcc --version >&5
gcc (GCC) 8.2.1 20180831
Copyright (C) 2018 Free Software Foundation, Inc.
This is free software; see the source for copying conditions.  There is NO
warranty; not even for MERCHANTABILITY or FITNESS FOR A PARTICULAR PURPOSE.

configure:2674: $? = 0
configure:2663: gcc -v >&5
Using built-in specs.
COLLECT_GCC=gcc
COLLECT_LTO_WRAPPER=/usr/lib/gcc/x86_64-pc-linux-gnu/8.2.1/lto-wrapper
Target: x86_64-pc-linux-gnu
Configured with: /build/gcc/src/gcc/configure --prefix=/usr --libdir=/usr/lib --libexecdir=/usr/lib --mandir=/usr/share/man --infodir=/usr/share/info --with-bugurl=https://bugs.archlinux.org/ --enable-languages=c,c++,ada,fortran,go,lto,objc,obj-c++ --enable-shared --enable-threads=posix --enable-libmpx --with-system-zlib --with-isl --enable-__cxa_atexit --disable-libunwind-exceptions --enable-clocale=gnu --disable-libstdcxx-pch --disable-libssp --enable-gnu-unique-object --enable-linker-build-id --enable-lto --enable-plugin --enable-install-libiberty --with-linker-hash-style=gnu --enable-gnu-indirect-function --enable-multilib --disable-werror --enable-checking=release --enable-default-pie --enable-default-ssp --enable-cet=auto
Thread model: posix
gcc version 8.2.1 20180831 (GCC) 
configure:2674: $? = 0
configure:2663: gcc -V >&5
gcc: error: unrecognized command line option '-V'
gcc: fatal error: no input files
compilation terminated.
configure:2674: $? = 1
configure:2663: gcc -qversion >&5
gcc: error: unrecognized command line option '-qversion'; did you mean '--version'?
gcc: fatal error: no input files
compilation terminated.
configure:2674: $? = 1
configure:2694: checking whether the C compiler works
configure:2716: gcc -Wno-error -Wno-implicit-fallthrough -fno-strict-aliasing -fno-plt -fPIC -fuse-ld=gold -fuse-linker-plugin -pipe -march=x86-64 -mtune=generic -g -O3  -Wno-error -Wno-implicit-fallthrough -fno-strict-aliasing -fno-plt -fPIC -fuse-ld=gold -fuse-linker-plugin -pipe -march=x86-64 -mtune=generic -g -O3 -Wl,-O2,-z,relro,-z,now,-z,noexecstack -Wl,--as-needed,--sort-common,--warn-common conftest.c  >&5
configure:2720: $? = 0
configure:2768: result: yes
configure:2771: checking for C compiler default output file name
configure:2773: result: a.out
configure:2779: checking for suffix of executables
configure:2786: gcc -o conftest -Wno-error -Wno-implicit-fallthrough -fno-strict-aliasing -fno-plt -fPIC -fuse-ld=gold -fuse-linker-plugin -pipe -march=x86-64 -mtune=generic -g -O3  -Wno-error -Wno-implicit-fallthrough -fno-strict-aliasing -fno-plt -fPIC -fuse-ld=gold -fuse-linker-plugin -pipe -march=x86-64 -mtune=generic -g -O3 -Wl,-O2,-z,relro,-z,now,-z,noexecstack -Wl,--as-needed,--sort-common,--warn-common conftest.c  >&5
configure:2790: $? = 0
configure:2812: result: 
configure:2834: checking whether we are cross compiling
configure:2842: gcc -o conftest -Wno-error -Wno-implicit-fallthrough -fno-strict-aliasing -fno-plt -fPIC -fuse-ld=gold -fuse-linker-plugin -pipe -march=x86-64 -mtune=generic -g -O3  -Wno-error -Wno-implicit-fallthrough -fno-strict-aliasing -fno-plt -fPIC -fuse-ld=gold -fuse-linker-plugin -pipe -march=x86-64 -mtune=generic -g -O3 -Wl,-O2,-z,relro,-z,now,-z,noexecstack -Wl,--as-needed,--sort-common,--warn-common conftest.c  >&5
configure:2846: $? = 0
configure:2853: ./conftest
configure:2857: $? = 0
configure:2872: result: no
configure:2877: checking for suffix of object files
configure:2899: gcc -c -Wno-error -Wno-implicit-fallthrough -fno-strict-aliasing -fno-plt -fPIC -fuse-ld=gold -fuse-linker-plugin -pipe -march=x86-64 -mtune=generic -g -O3  conftest.c >&5
configure:2903: $? = 0
configure:2924: result: o
configure:2928: checking whether we are using the GNU C compiler
configure:2947: gcc -c -Wno-error -Wno-implicit-fallthrough -fno-strict-aliasing -fno-plt -fPIC -fuse-ld=gold -fuse-linker-plugin -pipe -march=x86-64 -mtune=generic -g -O3  conftest.c >&5
configure:2947: $? = 0
configure:2956: result: yes
configure:2965: checking whether gcc accepts -g
configure:2985: gcc -c -g  conftest.c >&5
configure:2985: $? = 0
configure:3026: result: yes
configure:3043: checking for gcc option to accept ISO C89
configure:3107: gcc  -c -Wno-error -Wno-implicit-fallthrough -fno-strict-aliasing -fno-plt -fPIC -fuse-ld=gold -fuse-linker-plugin -pipe -march=x86-64 -mtune=generic -g -O3  conftest.c >&5
configure:3107: $? = 0
configure:3120: result: none needed
configure:3151: checking for style of include used by make
configure:3179: result: GNU
configure:3204: checking dependency style of gcc
configure:3314: result: gcc3
configure:3335: checking how to run the C preprocessor
configure:3366: gcc -E  conftest.c
configure:3366: $? = 0
configure:3380: gcc -E  conftest.c
conftest.c:11:10: fatal error: ac_nonexistent.h: No such file or directory
 #include <ac_nonexistent.h>
          ^~~~~~~~~~~~~~~~~~
compilation terminated.
configure:3380: $? = 1
configure: failed program was:
| /* confdefs.h */
| #define PACKAGE_NAME ""
| #define PACKAGE_TARNAME ""
| #define PACKAGE_VERSION ""
| #define PACKAGE_STRING ""
| #define PACKAGE_BUGREPORT ""
| #define PACKAGE_URL ""
| #define PACKAGE "bnf"
| #define VERSION "1.6.10"
| /* end confdefs.h.  */
| #include <ac_nonexistent.h>
configure:3405: result: gcc -E
configure:3425: gcc -E  conftest.c
configure:3425: $? = 0
configure:3439: gcc -E  conftest.c
conftest.c:11:10: fatal error: ac_nonexistent.h: No such file or directory
 #include <ac_nonexistent.h>
          ^~~~~~~~~~~~~~~~~~
compilation terminated.
configure:3439: $? = 1
configure: failed program was:
| /* confdefs.h */
| #define PACKAGE_NAME ""
| #define PACKAGE_TARNAME ""
| #define PACKAGE_VERSION ""
| #define PACKAGE_STRING ""
| #define PACKAGE_BUGREPORT ""
| #define PACKAGE_URL ""
| #define PACKAGE "bnf"
| #define VERSION "1.6.10"
| /* end confdefs.h.  */
| #include <ac_nonexistent.h>
configure:3468: checking for grep that handles long lines and -e
configure:3526: result: /bin/grep
configure:3531: checking for egrep
configure:3593: result: /bin/grep -E
configure:3598: checking for ANSI C header files
configure:3618: gcc -c -Wno-error -Wno-implicit-fallthrough -fno-strict-aliasing -fno-plt -fPIC -fuse-ld=gold -fuse-linker-plugin -pipe -march=x86-64 -mtune=generic -g -O3  conftest.c >&5
configure:3618: $? = 0
configure:3691: gcc -o conftest -Wno-error -Wno-implicit-fallthrough -fno-strict-aliasing -fno-plt -fPIC -fuse-ld=gold -fuse-linker-plugin -pipe -march=x86-64 -mtune=generic -g -O3  -Wno-error -Wno-implicit-fallthrough -fno-strict-aliasing -fno-plt -fPIC -fuse-ld=gold -fuse-linker-plugin -pipe -march=x86-64 -mtune=generic -g -O3 -Wl,-O2,-z,relro,-z,now,-z,noexecstack -Wl,--as-needed,--sort-common,--warn-common conftest.c  >&5
configure:3691: $? = 0
configure:3691: ./conftest
configure:3691: $? = 0
configure:3702: result: yes
configure:3843: creating ./config.status

## ---------------------- ##
## Running config.status. ##
## ---------------------- ##

This file was extended by config.status, which was
generated by GNU Autoconf 2.68.  Invocation command line was

  CONFIG_FILES    = 
  CONFIG_HEADERS  = 
  CONFIG_LINKS    = 
  CONFIG_COMMANDS = 
  $ ./config.status 

on hobbes

config.status:854: creating Makefile
config.status:854: creating src/Makefile
config.status:854: creating doc/Makefile
config.status:854: creating etc/Makefile
config.status:854: creating config.h
config.status:1083: executing depfiles commands

## ---------------- ##
## Cache variables. ##
## ---------------- ##

ac_cv_c_compiler_gnu=yes
ac_cv_env_CC_set=
ac_cv_env_CC_value=
ac_cv_env_CFLAGS_set=set
ac_cv_env_CFLAGS_value='-Wno-error -Wno-implicit-fallthrough -fno-strict-aliasing -fno-plt -fPIC -fuse-ld=gold -fuse-linker-plugin -pipe -march=x86-64 -mtune=generic -g -O3'
ac_cv_env_CPPFLAGS_set=
ac_cv_env_CPPFLAGS_value=
ac_cv_env_CPP_set=
ac_cv_env_CPP_value=
ac_cv_env_LDFLAGS_set=set
ac_cv_env_LDFLAGS_value='-Wno-error -Wno-implicit-fallthrough -fno-strict-aliasing -fno-plt -fPIC -fuse-ld=gold -fuse-linker-plugin -pipe -march=x86-64 -mtune=generic -g -O3 -Wl,-O2,-z,relro,-z,now,-z,noexecstack -Wl,--as-needed,--sort-common,--warn-common'
ac_cv_env_LIBS_set=
ac_cv_env_LIBS_value=
ac_cv_env_build_alias_set=
ac_cv_env_build_alias_value=
ac_cv_env_host_alias_set=
ac_cv_env_host_alias_value=
ac_cv_env_target_alias_set=
ac_cv_env_target_alias_value=
ac_cv_header_stdc=yes
ac_cv_objext=o
ac_cv_path_EGREP='/bin/grep -E'
ac_cv_path_GREP=/bin/grep
ac_cv_path_install='/bin/install -c'
ac_cv_path_mkdir=/bin/mkdir
ac_cv_prog_AWK=gawk
ac_cv_prog_CPP='gcc -E'
ac_cv_prog_ac_ct_CC=gcc
ac_cv_prog_cc_c89=
ac_cv_prog_cc_g=yes
ac_cv_prog_make_make_set=yes
am_cv_CC_dependencies_compiler_type=gcc3

## ----------------- ##
## Output variables. ##
## ----------------- ##

ACLOCAL='aclocal-1.11'
AMDEPBACKSLASH='\'
AMDEP_FALSE='#'
AMDEP_TRUE=''
AMTAR='tar'
AUTOCONF='autoconf'
AUTOHEADER='autoheader'
AUTOMAKE='automake-1.11'
AWK='gawk'
CC='gcc'
CCDEPMODE='depmode=gcc3'
CFLAGS='-Wno-error -Wno-implicit-fallthrough -fno-strict-aliasing -fno-plt -fPIC -fuse-ld=gold -fuse-linker-plugin -pipe -march=x86-64 -mtune=generic -g -O3'
CPP='gcc -E'
CPPFLAGS=''
CYGPATH_W='echo'
DEFS='-DHAVE_CONFIG_H'
DEPDIR='.deps'
ECHO_C=''
ECHO_N='-n'
ECHO_T=''
EGREP='/bin/grep -E'
EXEEXT=''
GREP='/bin/grep'
INSTALL_DATA='${INSTALL} -m 644'
INSTALL_PROGRAM='${INSTALL}'
INSTALL_SCRIPT='${INSTALL}'
INSTALL_STRIP_PROGRAM='$(install_sh) -c -s'
LDFLAGS='-Wno-error -Wno-implicit-fallthrough -fno-strict-aliasing -fno-plt -fPIC -fuse-ld=gold -fuse-linker-plugin -pipe -march=x86-64 -mtune=generic -g -O3 -Wl,-O2,-z,relro,-z,now,-z,noexecstack -Wl,--as-needed,--sort-common,--warn-common'
LIBOBJS=''
LIBS=''
LTLIBOBJS=''
MAKEINFO='makeinfo'
MKDIR_P='/bin/mkdir -p'
OBJEXT='o'
PACKAGE='bnf'
PACKAGE_BUGREPORT=''
PACKAGE_NAME=''
PACKAGE_STRING=''
PACKAGE_TARNAME=''
PACKAGE_URL=''
PACKAGE_VERSION=''
PATH_SEPARATOR=':'
SET_MAKE=''
SHELL='/bin/sh'
STRIP=''
VERSION='1.6.10'
ac_ct_CC='gcc'
am__EXEEXT_FALSE=''
am__EXEEXT_TRUE='#'
am__fastdepCC_FALSE='#'
am__fastdepCC_TRUE=''
am__include='include'
am__isrc=''
am__leading_dot='.'
am__quote=''
am__tar='${AMTAR} chof - "$$tardir"'
am__untar='${AMTAR} xf -'
bindir='${exec_prefix}/bin'
build_alias=''
datadir='${datarootdir}'
datarootdir='${prefix}/share'
docdir='${datarootdir}/doc/${PACKAGE}'
dvidir='${docdir}'
exec_prefix='${prefix}'
host_alias=''
htmldir='${docdir}'
includedir='${prefix}/include'
infodir='${datarootdir}/info'
install_sh='${SHELL} /store/code/projects/bnf/install-sh'
libdir='${exec_prefix}/lib'
libexecdir='${exec_prefix}/libexec'
localedir='${datarootdir}/locale'
localstatedir='${prefix}/var'
mandir='${datarootdir}/man'
mkdir_p='/bin/mkdir -p'
oldincludedir='/usr/include'
pdfdir='${docdir}'
prefix='/home/jp/.local'
program_transform_name='s,x,x,'
psdir='${docdir}'
sbindir='${exec_prefix}/sbin'
sharedstatedir='${prefix}/com'
sysconfdir='${prefix}/etc'
target_alias=''

## ----------- ##
## confdefs.h. ##
## ----------- ##

/* confdefs.h */
#define PACKAGE_NAME ""
#define PACKAGE_TARNAME ""
#define PACKAGE_VERSION ""
#define PACKAGE_STRING ""
#define PACKAGE_BUGREPORT ""
#define PACKAGE_URL ""
#define PACKAGE "bnf"
#define VERSION "1.6.10"
#define STDC_HEADERS 1

configure: exit 0
